[INFO] Scanning for projects...
[INFO] 
[INFO] --------------------< ne.fnfal113:FNAmplifications >--------------------
[INFO] Building FNAmplifications TEA - 1 (git 68ce2fda)
[INFO] --------------------------------[ jar ]---------------------------------
[WARNING] The POM for com.github.StarWishsama:Slimefun4:jar:2022.08 is invalid, transitive dependencies (if any) will not be available, enable debug logging for more details
[WARNING] The POM for net.guizhanss:GuizhanLib-api:jar:1.1.0 is invalid, transitive dependencies (if any) will not be available, enable debug logging for more details
[INFO] 
[INFO] --- maven-clean-plugin:2.5:clean (default-clean) @ FNAmplifications ---
[INFO] 
[INFO] --- maven-resources-plugin:2.6:resources (default-resources) @ FNAmplifications ---
[INFO] Using 'UTF-8' encoding to copy filtered resources.
[INFO] Copying 15 resources
[INFO] 
[INFO] --- maven-compiler-plugin:3.8.1:compile (default-compile) @ FNAmplifications ---
[INFO] Changes detected - recompiling the module!
[INFO] Compiling 189 source files to /home/runner/work/builds/builds/buiawpkgew1/FN-FAL-s-Amplifications-zh/main/files/target/classes
[INFO] /home/runner/work/builds/builds/buiawpkgew1/FN-FAL-s-Amplifications-zh/main/files/src/main/java/ne/fnfal113/fnamplifications/materialgenerators/implementations/CustomMaterialGenerator.java: Some input files use or override a deprecated API.
[INFO] /home/runner/work/builds/builds/buiawpkgew1/FN-FAL-s-Amplifications-zh/main/files/src/main/java/ne/fnfal113/fnamplifications/materialgenerators/implementations/CustomMaterialGenerator.java: Recompile with -Xlint:deprecation for details.
[INFO] /home/runner/work/builds/builds/buiawpkgew1/FN-FAL-s-Amplifications-zh/main/files/src/main/java/ne/fnfal113/fnamplifications/utils/pdc/ItemStackPdcType.java: Some input files use unchecked or unsafe operations.
[INFO] /home/runner/work/builds/builds/buiawpkgew1/FN-FAL-s-Amplifications-zh/main/files/src/main/java/ne/fnfal113/fnamplifications/utils/pdc/ItemStackPdcType.java: Recompile with -Xlint:unchecked for details.
[INFO] -------------------------------------------------------------
[ERROR] COMPILATION ERROR : 
[INFO] -------------------------------------------------------------
[ERROR] /home/runner/work/builds/builds/buiawpkgew1/FN-FAL-s-Amplifications-zh/main/files/src/main/java/ne/fnfal113/fnamplifications/machines/ElectricMachineDowngrader.java:[128,87] cannot find symbol
  symbol:   variable FREEZER_3
  location: class io.github.thebusybiscuit.slimefun4.implementation.SlimefunItems
[INFO] 1 error
[INFO] -------------------------------------------------------------
[INFO] ------------------------------------------------------------------------
[INFO] BUILD FAILURE
[INFO] ------------------------------------------------------------------------
[INFO] Total time:  6.808 s
[INFO] Finished at: 2023-01-01T10:10:38Z
[INFO] ------------------------------------------------------------------------
[ERROR] Failed to execute goal org.apache.maven.plugins:maven-compiler-plugin:3.8.1:compile (default-compile) on project FNAmplifications: Compilation failure
[ERROR] /home/runner/work/builds/builds/buiawpkgew1/FN-FAL-s-Amplifications-zh/main/files/src/main/java/ne/fnfal113/fnamplifications/machines/ElectricMachineDowngrader.java:[128,87] cannot find symbol
[ERROR]   symbol:   variable FREEZER_3
[ERROR]   location: class io.github.thebusybiscuit.slimefun4.implementation.SlimefunItems
[ERROR] -> [Help 1]
[ERROR] 
[ERROR] To see the full stack trace of the errors, re-run Maven with the -e switch.
[ERROR] Re-run Maven using the -X switch to enable full debug logging.
[ERROR] 
[ERROR] For more information about the errors and possible solutions, please read the following articles:
[ERROR] [Help 1] http://cwiki.apache.org/confluence/display/MAVEN/MojoFailureException
