[INFO] Scanning for projects...
[INFO] 
[INFO] --------------------< ne.fnfal113:FNAmplifications >--------------------
[INFO] Building FNAmplifications TEA - 7 (git e7b5fdfd)
[INFO]   from pom.xml
[INFO] --------------------------------[ jar ]---------------------------------
[INFO] Downloading from central: https://repo.maven.apache.org/maven2/org/apache/maven/plugins/maven-clean-plugin/2.5/maven-clean-plugin-2.5.pom
[INFO] Downloaded from central: https://repo.maven.apache.org/maven2/org/apache/maven/plugins/maven-clean-plugin/2.5/maven-clean-plugin-2.5.pom (3.9 kB at 21 kB/s)
[INFO] Downloading from central: https://repo.maven.apache.org/maven2/org/apache/maven/plugins/maven-plugins/22/maven-plugins-22.pom
[INFO] Downloaded from central: https://repo.maven.apache.org/maven2/org/apache/maven/plugins/maven-plugins/22/maven-plugins-22.pom (13 kB at 686 kB/s)
[INFO] Downloading from central: https://repo.maven.apache.org/maven2/org/apache/maven/maven-parent/21/maven-parent-21.pom
[INFO] Downloaded from central: https://repo.maven.apache.org/maven2/org/apache/maven/maven-parent/21/maven-parent-21.pom (26 kB at 1.3 MB/s)
[INFO] Downloading from central: https://repo.maven.apache.org/maven2/org/apache/apache/10/apache-10.pom
[INFO] Downloaded from central: https://repo.maven.apache.org/maven2/org/apache/apache/10/apache-10.pom (15 kB at 987 kB/s)
[INFO] Downloading from central: https://repo.maven.apache.org/maven2/org/apache/maven/plugins/maven-clean-plugin/2.5/maven-clean-plugin-2.5.jar
[INFO] Downloaded from central: https://repo.maven.apache.org/maven2/org/apache/maven/plugins/maven-clean-plugin/2.5/maven-clean-plugin-2.5.jar (25 kB at 2.1 MB/s)
[INFO] Downloading from central: https://repo.maven.apache.org/maven2/org/apache/maven/plugins/maven-resources-plugin/2.6/maven-resources-plugin-2.6.pom
[INFO] Downloaded from central: https://repo.maven.apache.org/maven2/org/apache/maven/plugins/maven-resources-plugin/2.6/maven-resources-plugin-2.6.pom (8.1 kB at 812 kB/s)
[INFO] Downloading from central: https://repo.maven.apache.org/maven2/org/apache/maven/plugins/maven-plugins/23/maven-plugins-23.pom
[INFO] Downloaded from central: https://repo.maven.apache.org/maven2/org/apache/maven/plugins/maven-plugins/23/maven-plugins-23.pom (9.2 kB at 708 kB/s)
[INFO] Downloading from central: https://repo.maven.apache.org/maven2/org/apache/maven/maven-parent/22/maven-parent-22.pom
[INFO] Downloaded from central: https://repo.maven.apache.org/maven2/org/apache/maven/maven-parent/22/maven-parent-22.pom (30 kB at 2.5 MB/s)
[INFO] Downloading from central: https://repo.maven.apache.org/maven2/org/apache/apache/11/apache-11.pom
[INFO] Downloaded from central: https://repo.maven.apache.org/maven2/org/apache/apache/11/apache-11.pom (15 kB at 871 kB/s)
[INFO] Downloading from central: https://repo.maven.apache.org/maven2/org/apache/maven/plugins/maven-resources-plugin/2.6/maven-resources-plugin-2.6.jar
[INFO] Downloaded from central: https://repo.maven.apache.org/maven2/org/apache/maven/plugins/maven-resources-plugin/2.6/maven-resources-plugin-2.6.jar (30 kB at 2.3 MB/s)
[INFO] Downloading from central: https://repo.maven.apache.org/maven2/org/apache/maven/plugins/maven-compiler-plugin/3.8.1/maven-compiler-plugin-3.8.1.pom
[INFO] Downloaded from central: https://repo.maven.apache.org/maven2/org/apache/maven/plugins/maven-compiler-plugin/3.8.1/maven-compiler-plugin-3.8.1.pom (12 kB at 1.1 MB/s)
[INFO] Downloading from central: https://repo.maven.apache.org/maven2/org/apache/maven/plugins/maven-plugins/33/maven-plugins-33.pom
[INFO] Downloaded from central: https://repo.maven.apache.org/maven2/org/apache/maven/plugins/maven-plugins/33/maven-plugins-33.pom (11 kB at 1.1 MB/s)
[INFO] Downloading from central: https://repo.maven.apache.org/maven2/org/apache/maven/maven-parent/33/maven-parent-33.pom
[INFO] Downloaded from central: https://repo.maven.apache.org/maven2/org/apache/maven/maven-parent/33/maven-parent-33.pom (44 kB at 3.2 MB/s)
[INFO] Downloading from central: https://repo.maven.apache.org/maven2/org/apache/apache/21/apache-21.pom
[INFO] Downloaded from central: https://repo.maven.apache.org/maven2/org/apache/apache/21/apache-21.pom (17 kB at 1.2 MB/s)
[INFO] Downloading from central: https://repo.maven.apache.org/maven2/org/apache/maven/plugins/maven-compiler-plugin/3.8.1/maven-compiler-plugin-3.8.1.jar
[INFO] Downloaded from central: https://repo.maven.apache.org/maven2/org/apache/maven/plugins/maven-compiler-plugin/3.8.1/maven-compiler-plugin-3.8.1.jar (62 kB at 4.8 MB/s)
[INFO] Downloading from central: https://repo.maven.apache.org/maven2/org/apache/maven/plugins/maven-surefire-plugin/2.12.4/maven-surefire-plugin-2.12.4.pom
[INFO] Downloaded from central: https://repo.maven.apache.org/maven2/org/apache/maven/plugins/maven-surefire-plugin/2.12.4/maven-surefire-plugin-2.12.4.pom (10 kB at 455 kB/s)
[INFO] Downloading from central: https://repo.maven.apache.org/maven2/org/apache/maven/surefire/surefire/2.12.4/surefire-2.12.4.pom
[INFO] Downloaded from central: https://repo.maven.apache.org/maven2/org/apache/maven/surefire/surefire/2.12.4/surefire-2.12.4.pom (14 kB at 1.7 MB/s)
[INFO] Downloading from central: https://repo.maven.apache.org/maven2/org/apache/maven/plugins/maven-surefire-plugin/2.12.4/maven-surefire-plugin-2.12.4.jar
[INFO] Downloaded from central: https://repo.maven.apache.org/maven2/org/apache/maven/plugins/maven-surefire-plugin/2.12.4/maven-surefire-plugin-2.12.4.jar (30 kB at 4.4 MB/s)
[INFO] Downloading from central: https://repo.maven.apache.org/maven2/org/apache/maven/plugins/maven-jar-plugin/2.4/maven-jar-plugin-2.4.pom
[INFO] Downloaded from central: https://repo.maven.apache.org/maven2/org/apache/maven/plugins/maven-jar-plugin/2.4/maven-jar-plugin-2.4.pom (5.8 kB at 324 kB/s)
[INFO] Downloading from central: https://repo.maven.apache.org/maven2/org/apache/maven/plugins/maven-jar-plugin/2.4/maven-jar-plugin-2.4.jar
[INFO] Downloaded from central: https://repo.maven.apache.org/maven2/org/apache/maven/plugins/maven-jar-plugin/2.4/maven-jar-plugin-2.4.jar (34 kB at 2.3 MB/s)
[INFO] Downloading from central: https://repo.maven.apache.org/maven2/org/apache/maven/plugins/maven-shade-plugin/3.4.0/maven-shade-plugin-3.4.0.pom
[INFO] Downloaded from central: https://repo.maven.apache.org/maven2/org/apache/maven/plugins/maven-shade-plugin/3.4.0/maven-shade-plugin-3.4.0.pom (13 kB at 1.4 MB/s)
[INFO] Downloading from central: https://repo.maven.apache.org/maven2/org/apache/maven/plugins/maven-plugins/37/maven-plugins-37.pom
[INFO] Downloaded from central: https://repo.maven.apache.org/maven2/org/apache/maven/plugins/maven-plugins/37/maven-plugins-37.pom (9.9 kB at 1.1 MB/s)
[INFO] Downloading from central: https://repo.maven.apache.org/maven2/org/apache/maven/maven-parent/37/maven-parent-37.pom
[INFO] Downloaded from central: https://repo.maven.apache.org/maven2/org/apache/maven/maven-parent/37/maven-parent-37.pom (46 kB at 5.7 MB/s)
[INFO] Downloading from central: https://repo.maven.apache.org/maven2/org/apache/apache/27/apache-27.pom
[INFO] Downloaded from central: https://repo.maven.apache.org/maven2/org/apache/apache/27/apache-27.pom (20 kB at 2.5 MB/s)
[INFO] Downloading from central: https://repo.maven.apache.org/maven2/org/apache/maven/plugins/maven-shade-plugin/3.4.0/maven-shade-plugin-3.4.0.jar
[INFO] Downloaded from central: https://repo.maven.apache.org/maven2/org/apache/maven/plugins/maven-shade-plugin/3.4.0/maven-shade-plugin-3.4.0.jar (142 kB at 7.1 MB/s)
[INFO] Downloading from jitpack.io: https://jitpack.io/org/spigotmc/spigot-api/1.17.1-R0.1-SNAPSHOT/maven-metadata.xml
[INFO] Downloading from spigotmc-repo: https://hub.spigotmc.org/nexus/content/repositories/snapshots/org/spigotmc/spigot-api/1.17.1-R0.1-SNAPSHOT/maven-metadata.xml
[INFO] Downloading from sonatype: https://oss.sonatype.org/content/groups/public/org/spigotmc/spigot-api/1.17.1-R0.1-SNAPSHOT/maven-metadata.xml
[WARNING] Could not transfer metadata org.spigotmc:spigot-api:1.17.1-R0.1-SNAPSHOT/maven-metadata.xml from/to spigotmc-repo (https://hub.spigotmc.org/nexus/content/repositories/snapshots/): transfer failed for https://hub.spigotmc.org/nexus/content/repositories/snapshots/org/spigotmc/spigot-api/1.17.1-R0.1-SNAPSHOT/maven-metadata.xml, status: 504 Gateway Timeout
[WARNING] org.spigotmc:spigot-api:1.17.1-R0.1-SNAPSHOT/maven-metadata.xmlfailed to transfer from https://hub.spigotmc.org/nexus/content/repositories/snapshots/ during a previous attempt. This failure was cached in the local repository and resolution will not be reattempted until the update interval of spigotmc-repo has elapsed or updates are forced. Original error: Could not transfer metadata org.spigotmc:spigot-api:1.17.1-R0.1-SNAPSHOT/maven-metadata.xml from/to spigotmc-repo (https://hub.spigotmc.org/nexus/content/repositories/snapshots/): transfer failed for https://hub.spigotmc.org/nexus/content/repositories/snapshots/org/spigotmc/spigot-api/1.17.1-R0.1-SNAPSHOT/maven-metadata.xml, status: 504 Gateway Timeout
[INFO] Downloading from jitpack.io: https://jitpack.io/org/spigotmc/spigot-api/1.17.1-R0.1-SNAPSHOT/spigot-api-1.17.1-R0.1-SNAPSHOT.pom
[INFO] Downloading from spigotmc-repo: https://hub.spigotmc.org/nexus/content/repositories/snapshots/org/spigotmc/spigot-api/1.17.1-R0.1-SNAPSHOT/spigot-api-1.17.1-R0.1-SNAPSHOT.pom
[INFO] Downloading from sonatype: https://oss.sonatype.org/content/groups/public/org/spigotmc/spigot-api/1.17.1-R0.1-SNAPSHOT/spigot-api-1.17.1-R0.1-SNAPSHOT.pom
[INFO] Downloading from jitpack.io: https://jitpack.io/com/github/StarWishsama/Slimefun4/c95f5785cc/Slimefun4-c95f5785cc.pom
[INFO] Downloaded from jitpack.io: https://jitpack.io/com/github/StarWishsama/Slimefun4/c95f5785cc/Slimefun4-c95f5785cc.pom (12 kB at 108 kB/s)
[WARNING] The POM for com.github.StarWishsama:Slimefun4:jar:c95f5785cc is invalid, transitive dependencies (if any) will not be available, enable debug logging for more details
[INFO] Downloading from jitpack.io: https://jitpack.io/org/projectlombok/lombok/1.18.24/lombok-1.18.24.pom
[INFO] Downloading from spigotmc-repo: https://hub.spigotmc.org/nexus/content/repositories/snapshots/org/projectlombok/lombok/1.18.24/lombok-1.18.24.pom
[INFO] Downloading from sonatype: https://oss.sonatype.org/content/groups/public/org/projectlombok/lombok/1.18.24/lombok-1.18.24.pom
[INFO] Downloaded from sonatype: https://oss.sonatype.org/content/groups/public/org/projectlombok/lombok/1.18.24/lombok-1.18.24.pom (1.5 kB at 22 kB/s)
[INFO] Downloading from jitpack.io: https://jitpack.io/com/google/code/findbugs/jsr305/3.0.2/jsr305-3.0.2.pom
[INFO] Downloading from spigotmc-repo: https://hub.spigotmc.org/nexus/content/repositories/snapshots/com/google/code/findbugs/jsr305/3.0.2/jsr305-3.0.2.pom
[INFO] Downloading from sonatype: https://oss.sonatype.org/content/groups/public/com/google/code/findbugs/jsr305/3.0.2/jsr305-3.0.2.pom
[INFO] Downloaded from sonatype: https://oss.sonatype.org/content/groups/public/com/google/code/findbugs/jsr305/3.0.2/jsr305-3.0.2.pom (4.3 kB at 238 kB/s)
[INFO] Downloading from jitpack.io: https://jitpack.io/org/sonatype/oss/oss-parent/7/oss-parent-7.pom
[INFO] Downloading from spigotmc-repo: https://hub.spigotmc.org/nexus/content/repositories/snapshots/org/sonatype/oss/oss-parent/7/oss-parent-7.pom
[INFO] Downloading from sonatype: https://oss.sonatype.org/content/groups/public/org/sonatype/oss/oss-parent/7/oss-parent-7.pom
[INFO] Downloaded from sonatype: https://oss.sonatype.org/content/groups/public/org/sonatype/oss/oss-parent/7/oss-parent-7.pom (4.8 kB at 284 kB/s)
[INFO] Downloading from jitpack.io: https://jitpack.io/net/guizhanss/ExtraUtils/bf89aee6ae/ExtraUtils-bf89aee6ae.pom
[INFO] Downloaded from jitpack.io: https://jitpack.io/net/guizhanss/ExtraUtils/bf89aee6ae/ExtraUtils-bf89aee6ae.pom (3.6 kB at 54 kB/s)
[INFO] Downloading from jitpack.io: https://jitpack.io/org/bstats/bstats-bukkit/3.0.0/bstats-bukkit-3.0.0.pom
[INFO] Downloading from spigotmc-repo: https://hub.spigotmc.org/nexus/content/repositories/snapshots/org/bstats/bstats-bukkit/3.0.0/bstats-bukkit-3.0.0.pom
[INFO] Downloading from sonatype: https://oss.sonatype.org/content/groups/public/org/bstats/bstats-bukkit/3.0.0/bstats-bukkit-3.0.0.pom
[INFO] Downloaded from sonatype: https://oss.sonatype.org/content/groups/public/org/bstats/bstats-bukkit/3.0.0/bstats-bukkit-3.0.0.pom (1.7 kB at 96 kB/s)
[INFO] Downloading from jitpack.io: https://jitpack.io/org/bstats/bstats-base/3.0.0/bstats-base-3.0.0.pom
[INFO] Downloading from spigotmc-repo: https://hub.spigotmc.org/nexus/content/repositories/snapshots/org/bstats/bstats-base/3.0.0/bstats-base-3.0.0.pom
[INFO] Downloading from sonatype: https://oss.sonatype.org/content/groups/public/org/bstats/bstats-base/3.0.0/bstats-base-3.0.0.pom
[INFO] Downloaded from sonatype: https://oss.sonatype.org/content/groups/public/org/bstats/bstats-base/3.0.0/bstats-base-3.0.0.pom (1.5 kB at 34 kB/s)
[INFO] Downloading from jitpack.io: https://jitpack.io/com/github/Slimefun-Addon-Community/LiteXpansion/13eea12c8f/LiteXpansion-13eea12c8f.pom
[INFO] Downloaded from jitpack.io: https://jitpack.io/com/github/Slimefun-Addon-Community/LiteXpansion/13eea12c8f/LiteXpansion-13eea12c8f.pom (4.6 kB at 41 kB/s)
[INFO] Downloading from jitpack.io: https://jitpack.io/com/github/Sefiraat/SMG/cce3ce31e7/SMG-cce3ce31e7.pom
[INFO] Downloaded from jitpack.io: https://jitpack.io/com/github/Sefiraat/SMG/cce3ce31e7/SMG-cce3ce31e7.pom (3.4 kB at 55 kB/s)
[INFO] Downloading from jitpack.io: https://jitpack.io/com/github/MilkBowl/VaultAPI/1.7.1/VaultAPI-1.7.1.pom
[INFO] Downloaded from jitpack.io: https://jitpack.io/com/github/MilkBowl/VaultAPI/1.7.1/VaultAPI-1.7.1.pom (4.2 kB at 67 kB/s)
[INFO] Downloading from jitpack.io: https://jitpack.io/net/guizhanss/GuizhanLibPlugin/1.2.1/GuizhanLibPlugin-1.2.1.pom
[INFO] Downloading from spigotmc-repo: https://hub.spigotmc.org/nexus/content/repositories/snapshots/net/guizhanss/GuizhanLibPlugin/1.2.1/GuizhanLibPlugin-1.2.1.pom
[INFO] Downloading from sonatype: https://oss.sonatype.org/content/groups/public/net/guizhanss/GuizhanLibPlugin/1.2.1/GuizhanLibPlugin-1.2.1.pom
[INFO] Downloaded from sonatype: https://oss.sonatype.org/content/groups/public/net/guizhanss/GuizhanLibPlugin/1.2.1/GuizhanLibPlugin-1.2.1.pom (10 kB at 341 kB/s)
[INFO] Downloading from jitpack.io: https://jitpack.io/org/bstats/bstats-bukkit/3.0.2/bstats-bukkit-3.0.2.pom
[INFO] Downloading from spigotmc-repo: https://hub.spigotmc.org/nexus/content/repositories/snapshots/org/bstats/bstats-bukkit/3.0.2/bstats-bukkit-3.0.2.pom
[INFO] Downloading from sonatype: https://oss.sonatype.org/content/groups/public/org/bstats/bstats-bukkit/3.0.2/bstats-bukkit-3.0.2.pom
[INFO] Downloaded from sonatype: https://oss.sonatype.org/content/groups/public/org/bstats/bstats-bukkit/3.0.2/bstats-bukkit-3.0.2.pom (1.7 kB at 39 kB/s)
[INFO] Downloading from jitpack.io: https://jitpack.io/org/bstats/bstats-base/3.0.2/bstats-base-3.0.2.pom
[INFO] Downloading from spigotmc-repo: https://hub.spigotmc.org/nexus/content/repositories/snapshots/org/bstats/bstats-base/3.0.2/bstats-base-3.0.2.pom
[INFO] Downloading from sonatype: https://oss.sonatype.org/content/groups/public/org/bstats/bstats-base/3.0.2/bstats-base-3.0.2.pom
[INFO] Downloaded from sonatype: https://oss.sonatype.org/content/groups/public/org/bstats/bstats-base/3.0.2/bstats-base-3.0.2.pom (1.5 kB at 80 kB/s)
[INFO] Downloading from jitpack.io: https://jitpack.io/net/guizhanss/GuizhanLib-api/1.2.1/GuizhanLib-api-1.2.1.pom
[INFO] Downloading from spigotmc-repo: https://hub.spigotmc.org/nexus/content/repositories/snapshots/net/guizhanss/GuizhanLib-api/1.2.1/GuizhanLib-api-1.2.1.pom
[INFO] Downloading from sonatype: https://oss.sonatype.org/content/groups/public/net/guizhanss/GuizhanLib-api/1.2.1/GuizhanLib-api-1.2.1.pom
[INFO] Downloaded from sonatype: https://oss.sonatype.org/content/groups/public/net/guizhanss/GuizhanLib-api/1.2.1/GuizhanLib-api-1.2.1.pom (8.1 kB at 427 kB/s)
[INFO] Downloading from jitpack.io: https://jitpack.io/net/guizhanss/GuizhanLib/1.2.1/GuizhanLib-1.2.1.pom
[INFO] Downloaded from jitpack.io: https://jitpack.io/net/guizhanss/GuizhanLib/1.2.1/GuizhanLib-1.2.1.pom (1.4 kB at 20 kB/s)
[WARNING] The POM for net.guizhanss:GuizhanLib-api:jar:1.2.1 is invalid, transitive dependencies (if any) will not be available, enable debug logging for more details
[INFO] ------------------------------------------------------------------------
[INFO] BUILD FAILURE
[INFO] ------------------------------------------------------------------------
[INFO] Total time:  03:03 min
[INFO] Finished at: 2023-04-28T03:36:54Z
[INFO] ------------------------------------------------------------------------
[ERROR] Failed to execute goal on project FNAmplifications: Could not resolve dependencies for project ne.fnfal113:FNAmplifications:jar:TEA - 7 (git e7b5fdfd): Failed to collect dependencies at org.spigotmc:spigot-api:jar:1.17.1-R0.1-SNAPSHOT: Failed to read artifact descriptor for org.spigotmc:spigot-api:jar:1.17.1-R0.1-SNAPSHOT: Could not transfer artifact org.spigotmc:spigot-api:pom:1.17.1-R0.1-SNAPSHOT from/to spigotmc-repo (https://hub.spigotmc.org/nexus/content/repositories/snapshots/): transfer failed for https://hub.spigotmc.org/nexus/content/repositories/snapshots/org/spigotmc/spigot-api/1.17.1-R0.1-SNAPSHOT/spigot-api-1.17.1-R0.1-SNAPSHOT.pom, status: 504 Gateway Timeout -> [Help 1]
[ERROR] 
[ERROR] To see the full stack trace of the errors, re-run Maven with the -e switch.
[ERROR] Re-run Maven using the -X switch to enable full debug logging.
[ERROR] 
[ERROR] For more information about the errors and possible solutions, please read the following articles:
[ERROR] [Help 1] http://cwiki.apache.org/confluence/display/MAVEN/DependencyResolutionException
